2024-04-22 16:21:55,062 -  User Query: Comment sécuriser les données sensibles ?
2024-04-22 16:21:55,062 -  User Query: Comment sécuriser les données sensibles ?
2024-04-22 16:21:55,062 -  User Query: Comment sécuriser les données sensibles ?
2024-04-22 16:21:55,063 -  AI Response: Il existe plusieurs façons de sécuriser les données sensibles, notamment en utilisant des mesures de sécurité telles que le chiffrement des données, l'authentification à deux facteurs, la gestion des accès et des permissions, la sauvegarde régulière des données, la sensibilisation des employés à la sécurité informatique, et en utilisant des logiciels de sécurité fiables. Il est également important de se conformer aux réglementations en matière de protection des données, telles que le RGPD en Europe.
2024-04-22 16:21:55,063 -  AI Response: Il existe plusieurs façons de sécuriser les données sensibles, notamment en utilisant des mesures de sécurité telles que le chiffrement des données, l'authentification à deux facteurs, la gestion des accès et des permissions, la sauvegarde régulière des données, la sensibilisation des employés à la sécurité informatique, et en utilisant des logiciels de sécurité fiables. Il est également important de se conformer aux réglementations en matière de protection des données, telles que le RGPD en Europe.
2024-04-22 16:21:55,063 -  AI Response: Il existe plusieurs façons de sécuriser les données sensibles, notamment en utilisant des mesures de sécurité telles que le chiffrement des données, l'authentification à deux facteurs, la gestion des accès et des permissions, la sauvegarde régulière des données, la sensibilisation des employés à la sécurité informatique, et en utilisant des logiciels de sécurité fiables. Il est également important de se conformer aux réglementations en matière de protection des données, telles que le RGPD en Europe.
2024-04-22 16:22:24,180 -  Feedback: 👍 Good answer
2024-04-22 16:22:24,180 -  Feedback: 👍 Good answer
2024-04-22 16:22:24,180 -  Feedback: 👍 Good answer
2024-04-22 16:22:24,180 -  Feedback: 👍 Good answer
2024-04-22 16:22:24,180 -  Feedback: 👍 Good answer
2024-04-22 16:22:51,920 -  User Query: \
2024-04-22 16:22:51,920 -  User Query: \
2024-04-22 16:22:51,920 -  User Query: \
2024-04-22 16:22:51,920 -  User Query: \
2024-04-22 16:22:51,920 -  User Query: \
2024-04-22 16:22:51,920 -  User Query: \
2024-04-22 16:22:51,920 -  User Query: \
2024-04-22 16:22:51,921 -  AI Response: Pour vous conformer aux réglementations en matière de protection des données, telles que le RGPD en Europe, vous devez prendre plusieurs mesures, notamment :

1. Assurer la transparence : Informez les individus sur la manière dont leurs données sont collectées, utilisées et stockées.
2. Obtenir un consentement explicite : Obtenez le consentement des individus avant de collecter leurs données personnelles.
3. Limiter la collecte de données : Ne collectez que les données nécessaires pour les finalités spécifiques pour lesquelles elles sont traitées.
4. Assurer la sécurité des données : Mettez en place des mesures de sécurité pour protéger les données personnelles contre les violations.
5. Respecter les droits des individus : Respectez les droits des individus en matière de protection des données, tels que le droit d'accès, de rectification et de suppression de leurs données.

Il est recommandé de consulter un expert en protection des données ou un avocat spécialisé pour vous aider à vous conformer pleinement aux réglementations en vigueur.
2024-04-22 16:22:51,921 -  AI Response: Pour vous conformer aux réglementations en matière de protection des données, telles que le RGPD en Europe, vous devez prendre plusieurs mesures, notamment :

1. Assurer la transparence : Informez les individus sur la manière dont leurs données sont collectées, utilisées et stockées.
2. Obtenir un consentement explicite : Obtenez le consentement des individus avant de collecter leurs données personnelles.
3. Limiter la collecte de données : Ne collectez que les données nécessaires pour les finalités spécifiques pour lesquelles elles sont traitées.
4. Assurer la sécurité des données : Mettez en place des mesures de sécurité pour protéger les données personnelles contre les violations.
5. Respecter les droits des individus : Respectez les droits des individus en matière de protection des données, tels que le droit d'accès, de rectification et de suppression de leurs données.

Il est recommandé de consulter un expert en protection des données ou un avocat spécialisé pour vous aider à vous conformer pleinement aux réglementations en vigueur.
2024-04-22 16:22:51,921 -  AI Response: Pour vous conformer aux réglementations en matière de protection des données, telles que le RGPD en Europe, vous devez prendre plusieurs mesures, notamment :

1. Assurer la transparence : Informez les individus sur la manière dont leurs données sont collectées, utilisées et stockées.
2. Obtenir un consentement explicite : Obtenez le consentement des individus avant de collecter leurs données personnelles.
3. Limiter la collecte de données : Ne collectez que les données nécessaires pour les finalités spécifiques pour lesquelles elles sont traitées.
4. Assurer la sécurité des données : Mettez en place des mesures de sécurité pour protéger les données personnelles contre les violations.
5. Respecter les droits des individus : Respectez les droits des individus en matière de protection des données, tels que le droit d'accès, de rectification et de suppression de leurs données.

Il est recommandé de consulter un expert en protection des données ou un avocat spécialisé pour vous aider à vous conformer pleinement aux réglementations en vigueur.
2024-04-22 16:22:51,921 -  AI Response: Pour vous conformer aux réglementations en matière de protection des données, telles que le RGPD en Europe, vous devez prendre plusieurs mesures, notamment :

1. Assurer la transparence : Informez les individus sur la manière dont leurs données sont collectées, utilisées et stockées.
2. Obtenir un consentement explicite : Obtenez le consentement des individus avant de collecter leurs données personnelles.
3. Limiter la collecte de données : Ne collectez que les données nécessaires pour les finalités spécifiques pour lesquelles elles sont traitées.
4. Assurer la sécurité des données : Mettez en place des mesures de sécurité pour protéger les données personnelles contre les violations.
5. Respecter les droits des individus : Respectez les droits des individus en matière de protection des données, tels que le droit d'accès, de rectification et de suppression de leurs données.

Il est recommandé de consulter un expert en protection des données ou un avocat spécialisé pour vous aider à vous conformer pleinement aux réglementations en vigueur.
2024-04-22 16:22:51,921 -  AI Response: Pour vous conformer aux réglementations en matière de protection des données, telles que le RGPD en Europe, vous devez prendre plusieurs mesures, notamment :

1. Assurer la transparence : Informez les individus sur la manière dont leurs données sont collectées, utilisées et stockées.
2. Obtenir un consentement explicite : Obtenez le consentement des individus avant de collecter leurs données personnelles.
3. Limiter la collecte de données : Ne collectez que les données nécessaires pour les finalités spécifiques pour lesquelles elles sont traitées.
4. Assurer la sécurité des données : Mettez en place des mesures de sécurité pour protéger les données personnelles contre les violations.
5. Respecter les droits des individus : Respectez les droits des individus en matière de protection des données, tels que le droit d'accès, de rectification et de suppression de leurs données.

Il est recommandé de consulter un expert en protection des données ou un avocat spécialisé pour vous aider à vous conformer pleinement aux réglementations en vigueur.
2024-04-22 16:22:51,921 -  AI Response: Pour vous conformer aux réglementations en matière de protection des données, telles que le RGPD en Europe, vous devez prendre plusieurs mesures, notamment :

1. Assurer la transparence : Informez les individus sur la manière dont leurs données sont collectées, utilisées et stockées.
2. Obtenir un consentement explicite : Obtenez le consentement des individus avant de collecter leurs données personnelles.
3. Limiter la collecte de données : Ne collectez que les données nécessaires pour les finalités spécifiques pour lesquelles elles sont traitées.
4. Assurer la sécurité des données : Mettez en place des mesures de sécurité pour protéger les données personnelles contre les violations.
5. Respecter les droits des individus : Respectez les droits des individus en matière de protection des données, tels que le droit d'accès, de rectification et de suppression de leurs données.

Il est recommandé de consulter un expert en protection des données ou un avocat spécialisé pour vous aider à vous conformer pleinement aux réglementations en vigueur.
2024-04-22 16:22:51,921 -  AI Response: Pour vous conformer aux réglementations en matière de protection des données, telles que le RGPD en Europe, vous devez prendre plusieurs mesures, notamment :

1. Assurer la transparence : Informez les individus sur la manière dont leurs données sont collectées, utilisées et stockées.
2. Obtenir un consentement explicite : Obtenez le consentement des individus avant de collecter leurs données personnelles.
3. Limiter la collecte de données : Ne collectez que les données nécessaires pour les finalités spécifiques pour lesquelles elles sont traitées.
4. Assurer la sécurité des données : Mettez en place des mesures de sécurité pour protéger les données personnelles contre les violations.
5. Respecter les droits des individus : Respectez les droits des individus en matière de protection des données, tels que le droit d'accès, de rectification et de suppression de leurs données.

Il est recommandé de consulter un expert en protection des données ou un avocat spécialisé pour vous aider à vous conformer pleinement aux réglementations en vigueur.
2024-04-22 16:23:04,661 -  Feedback: 👎 Trop vague
2024-04-22 16:23:04,661 -  Feedback: 👎 Trop vague
2024-04-22 16:23:04,661 -  Feedback: 👎 Trop vague
2024-04-22 16:23:04,661 -  Feedback: 👎 Trop vague
2024-04-22 16:23:04,661 -  Feedback: 👎 Trop vague
2024-04-22 16:23:04,661 -  Feedback: 👎 Trop vague
2024-04-22 16:23:04,661 -  Feedback: 👎 Trop vague
2024-04-22 16:23:04,661 -  Feedback: 👎 Trop vague
2024-04-22 16:23:04,661 -  Feedback: 👎 Trop vague
2024-04-24 15:42:55,143 -  User Query: Comment sécuriser les données sensibles ?, AI Response: Il existe plusieurs façons de sécuriser les données sensibles, notamment en utilisant des mesures de sécurité telles que le chiffrement des données, l'authentification à deux facteurs, la limitation de l'accès aux données uniquement aux personnes autorisées, la sauvegarde régulière des données, la mise en place de pare-feu et de logiciels antivirus, ainsi que la sensibilisation des employés à la sécurité des données. Il est également recommandé de se conformer aux réglementations en matière de protection des données, telles que le RGPD en Europe.
2024-04-24 15:42:55,143 -  User Query: Comment sécuriser les données sensibles ?, AI Response: Il existe plusieurs façons de sécuriser les données sensibles, notamment en utilisant des mesures de sécurité telles que le chiffrement des données, l'authentification à deux facteurs, la limitation de l'accès aux données uniquement aux personnes autorisées, la sauvegarde régulière des données, la mise en place de pare-feu et de logiciels antivirus, ainsi que la sensibilisation des employés à la sécurité des données. Il est également recommandé de se conformer aux réglementations en matière de protection des données, telles que le RGPD en Europe.
2024-04-24 15:44:35,539 -  Feedback_Score: +1, Feedback_text: Cool
2024-04-24 15:44:35,539 -  Feedback_Score: +1, Feedback_text: Cool
2024-04-24 15:44:35,539 -  Feedback_Score: +1, Feedback_text: Cool
2024-04-24 15:44:35,539 -  Feedback_Score: +1, Feedback_text: Cool
2024-04-24 15:44:35,539 -  Feedback_Score: +1, Feedback_text: Cool
2024-04-24 15:44:35,539 -  Feedback_Score: +1, Feedback_text: Cool
2024-04-24 15:44:35,539 -  Feedback_Score: +1, Feedback_text: Cool
2024-04-24 15:44:35,539 -  Feedback_Score: +1, Feedback_text: Cool
2024-04-24 16:41:12,496 -  User Query: Comment sécuriser les données sensibles ?, AI Response: Pour sécuriser les données sensibles, il est recommandé de définir des contrôles de protection des données et des politiques de gestion du cycle de vie. Il est important de chiffrer toutes les données au repos et en transit, de stocker les données sensibles dans des comptes séparés, et d'exploiter l'apprentissage machine pour découvrir, classer et protéger automatiquement les données sensibles. De plus, il est essentiel de maintenir la visibilité et le contrôle des données, de les classer en fonction de leur criticité et sensibilité, et de mettre en place des mécanismes défensifs tels que des couches de réseau, des groupes de sécurité, des listes de contrôle d'accès au réseau, et des pare-feu pour contrôler le trafic. Appliquer le principe de confiance zéro (Zero Trust) et sécuriser physiquement toute infrastructure de cloud hybride sont également des mesures importantes pour assurer la sécurité des données sensibles.
2024-04-24 16:41:12,496 -  User Query: Comment sécuriser les données sensibles ?, AI Response: Pour sécuriser les données sensibles, il est recommandé de définir des contrôles de protection des données et des politiques de gestion du cycle de vie. Il est important de chiffrer toutes les données au repos et en transit, de stocker les données sensibles dans des comptes séparés, et d'exploiter l'apprentissage machine pour découvrir, classer et protéger automatiquement les données sensibles. De plus, il est essentiel de maintenir la visibilité et le contrôle des données, de les classer en fonction de leur criticité et sensibilité, et de mettre en place des mécanismes défensifs tels que des couches de réseau, des groupes de sécurité, des listes de contrôle d'accès au réseau, et des pare-feu pour contrôler le trafic. Appliquer le principe de confiance zéro (Zero Trust) et sécuriser physiquement toute infrastructure de cloud hybride sont également des mesures importantes pour assurer la sécurité des données sensibles.
